android/app/build/intermediates/manifest_merge_blame_file/debug/manifest-merger-blame-debug-report.txt
1<?xml version="1.0" encoding="utf-8"?>
2<manifest xmlns:android="http://schemas.android.com/apk/res/android"
3    package="com.nearbyplaces"
4    android:versionCode="1"
5    android:versionName="1.0" >
6
7    <uses-sdk
8        android:minSdkVersion="21"
9        android:targetSdkVersion="28" />
10
11    <uses-permission android:name="android.permission.SYSTEM_ALERT_WINDOW" />
11-->src/main/AndroidManifest.xml:6:5-78
11-->src/main/AndroidManifest.xml:6:22-75
12    <uses-permission android:name="android.permission.INTERNET" /> <!-- OPTIONAL PERMISSIONS, REMOVE WHATEVER YOU DO NOT NEED -->
12-->src/main/AndroidManifest.xml:5:5-67
12-->src/main/AndroidManifest.xml:5:22-64
13    <uses-permission android:name="android.permission.MANAGE_DOCUMENTS" />
13-->src/main/AndroidManifest.xml:8:5-10:47
13-->src/main/AndroidManifest.xml:9:9-59
14    <uses-permission android:name="android.permission.READ_INTERNAL_STORAGE" />
14-->src/main/AndroidManifest.xml:11:5-80
14-->src/main/AndroidManifest.xml:11:22-77
15    <uses-permission android:name="android.permission.READ_PHONE_STATE" />
15-->src/main/AndroidManifest.xml:12:5-75
15-->src/main/AndroidManifest.xml:12:22-72
16    <uses-permission android:name="android.permission.USE_FINGERPRINT" />
16-->src/main/AndroidManifest.xml:13:5-74
16-->src/main/AndroidManifest.xml:13:22-71
17    <uses-permission android:name="android.permission.VIBRATE" />
17-->src/main/AndroidManifest.xml:14:5-66
17-->src/main/AndroidManifest.xml:14:22-63
18    <uses-permission android:name="android.permission.MODIFY_AUDIO_SETTINGS" /> <!-- These require runtime permissions on M -->
18-->src/main/AndroidManifest.xml:15:5-80
18-->src/main/AndroidManifest.xml:15:22-77
19    <uses-permission android:name="android.permission.ACCESS_COARSE_LOCATION" />
19-->src/main/AndroidManifest.xml:17:5-81
19-->src/main/AndroidManifest.xml:17:22-78
20    <uses-permission android:name="android.permission.ACCESS_FINE_LOCATION" />
20-->src/main/AndroidManifest.xml:18:5-79
20-->src/main/AndroidManifest.xml:18:22-76
21    <uses-permission android:name="android.permission.CAMERA" />
21-->src/main/AndroidManifest.xml:19:5-65
21-->src/main/AndroidManifest.xml:19:22-62
22    <uses-permission android:name="android.permission.READ_CONTACTS" />
22-->src/main/AndroidManifest.xml:20:5-72
22-->src/main/AndroidManifest.xml:20:22-69
23    <uses-permission android:name="android.permission.READ_CALENDAR" />
23-->src/main/AndroidManifest.xml:21:5-72
23-->src/main/AndroidManifest.xml:21:22-69
24    <uses-permission android:name="android.permission.WRITE_CALENDAR" />
24-->src/main/AndroidManifest.xml:22:5-73
24-->src/main/AndroidManifest.xml:22:22-70
25    <uses-permission android:name="android.permission.READ_EXTERNAL_STORAGE" />
25-->src/main/AndroidManifest.xml:23:5-80
25-->src/main/AndroidManifest.xml:23:22-77
26    <uses-permission android:name="android.permission.RECORD_AUDIO" />
26-->src/main/AndroidManifest.xml:24:5-71
26-->src/main/AndroidManifest.xml:24:22-68
27    <uses-permission android:name="android.permission.WRITE_EXTERNAL_STORAGE" />
27-->src/main/AndroidManifest.xml:25:5-81
27-->src/main/AndroidManifest.xml:25:22-78
28    <uses-permission android:name="android.permission.WRITE_SETTINGS" />
28-->src/main/AndroidManifest.xml:26:5-28:47
28-->src/main/AndroidManifest.xml:27:9-57
29    <uses-permission android:name="android.permission.ACCESS_WIFI_STATE" />
29-->[com.facebook.flipper:flipper:0.33.1] AndroidManifest.xml:16:5-76
29-->[com.facebook.flipper:flipper:0.33.1] AndroidManifest.xml:16:22-73
30    <uses-permission android:name="android.permission.ACCESS_NETWORK_STATE" />
30-->[:expo-updates] AndroidManifest.xml:11:5-79
30-->[:expo-updates] AndroidManifest.xml:11:22-76
31    <uses-permission android:name="android.permission.STORAGE" />
31-->[:expo-file-system] AndroidManifest.xml:15:5-66
31-->[:expo-file-system] AndroidManifest.xml:15:22-63
32    <uses-permission android:name="android.permission.FOREGROUND_SERVICE" />
32-->[:expo-location] AndroidManifest.xml:13:5-77
32-->[:expo-location] AndroidManifest.xml:13:22-74
33
34    <uses-feature
34-->[com.google.android.gms:play-services-maps:17.0.0] AndroidManifest.xml:26:5-28:35
35        android:glEsVersion="0x00020000"
35-->[com.google.android.gms:play-services-maps:17.0.0] AndroidManifest.xml:27:9-41
36        android:required="true" />
36-->[com.google.android.gms:play-services-maps:17.0.0] AndroidManifest.xml:28:9-32
37
38    <uses-permission android:name="com.google.android.providers.gsf.permission.READ_GSERVICES" />
38-->[io.nlopez.smartlocation:library:3.2.11] AndroidManifest.xml:15:5-98
38-->[io.nlopez.smartlocation:library:3.2.11] AndroidManifest.xml:15:22-95
39    <uses-permission android:name="com.google.android.gms.permission.ACTIVITY_RECOGNITION" />
39-->[io.nlopez.smartlocation:library:3.2.11] AndroidManifest.xml:16:5-94
39-->[io.nlopez.smartlocation:library:3.2.11] AndroidManifest.xml:16:22-91
40
41    <application
41-->src/main/AndroidManifest.xml:31:5-62:19
42        android:name="com.nearbyplaces.MainApplication"
42-->src/main/AndroidManifest.xml:32:9-40
43        android:allowBackup="false"
43-->src/main/AndroidManifest.xml:33:9-36
44        android:appComponentFactory="androidx.core.app.CoreComponentFactory"
44-->[androidx.core:core:1.1.0] AndroidManifest.xml:24:18-86
45        android:debuggable="true"
46        android:icon="@drawable/nearbyplaces"
46-->src/main/AndroidManifest.xml:34:9-46
47        android:label="@string/app_name"
47-->src/main/AndroidManifest.xml:35:9-41
48        android:roundIcon="@drawable/nearbyplaces"
48-->src/main/AndroidManifest.xml:36:9-51
49        android:testOnly="true"
50        android:theme="@style/AppTheme"
50-->src/main/AndroidManifest.xml:37:9-40
51        android:usesCleartextTraffic="true" >
51-->src/debug/AndroidManifest.xml:6:18-53
52        <meta-data
52-->src/main/AndroidManifest.xml:38:9-40:49
53            android:name="expo.modules.updates.EXPO_UPDATE_URL"
53-->src/main/AndroidManifest.xml:39:13-64
54            android:value="YOUR-APP-URL-HERE" />
54-->src/main/AndroidManifest.xml:40:13-46
55        <meta-data
55-->src/main/AndroidManifest.xml:41:9-43:57
56            android:name="expo.modules.updates.EXPO_SDK_VERSION"
56-->src/main/AndroidManifest.xml:42:13-65
57            android:value="YOUR-APP-SDK-VERSION-HERE" />
57-->src/main/AndroidManifest.xml:43:13-54
58
59        <activity
59-->src/main/AndroidManifest.xml:45:9-56:20
60            android:name="com.nearbyplaces.MainActivity"
60-->src/main/AndroidManifest.xml:46:13-41
61            android:configChanges="keyboard|keyboardHidden|orientation|screenSize|uiMode"
61-->src/main/AndroidManifest.xml:47:13-90
62            android:label="@string/app_name"
62-->src/main/AndroidManifest.xml:48:13-45
63            android:launchMode="singleTask"
63-->src/main/AndroidManifest.xml:49:13-44
64            android:theme="@style/Theme.App.SplashScreen"
64-->src/main/AndroidManifest.xml:50:13-58
65            android:windowSoftInputMode="adjustResize" >
65-->src/main/AndroidManifest.xml:51:13-55
66            <intent-filter>
66-->src/main/AndroidManifest.xml:52:13-55:29
67                <action android:name="android.intent.action.MAIN" />
67-->src/main/AndroidManifest.xml:53:17-69
67-->src/main/AndroidManifest.xml:53:25-66
68
69                <category android:name="android.intent.category.LAUNCHER" />
69-->src/main/AndroidManifest.xml:54:17-77
69-->src/main/AndroidManifest.xml:54:27-74
70            </intent-filter>
71        </activity>
72        <activity android:name="com.facebook.react.devsupport.DevSettingsActivity" />
72-->src/main/AndroidManifest.xml:57:9-86
72-->src/main/AndroidManifest.xml:57:19-83
73
74        <meta-data
74-->src/main/AndroidManifest.xml:59:7-61:68
75            android:name="com.google.android.geo.API_KEY"
75-->src/main/AndroidManifest.xml:60:11-56
76            android:value="AIzaSyBGQ7MC5nYek25o-WzbdhuEuwqPj57e1sY" />
76-->src/main/AndroidManifest.xml:61:11-66
77        <meta-data
77-->[:unimodules-react-native-adapter] AndroidManifest.xml:12:9-14:91
78            android:name="org.unimodules.core.AppLoader#react-native-headless"
78-->[:unimodules-react-native-adapter] AndroidManifest.xml:13:13-79
79            android:value="org.unimodules.adapters.react.apploader.RNHeadlessAppLoader" />
79-->[:unimodules-react-native-adapter] AndroidManifest.xml:14:13-88
80
81        <provider
81-->[:expo-file-system] AndroidManifest.xml:18:9-27:20
82            android:name="expo.modules.filesystem.FileSystemFileProvider"
82-->[:expo-file-system] AndroidManifest.xml:19:13-74
83            android:authorities="com.nearbyplaces.FileSystemFileProvider"
83-->[:expo-file-system] AndroidManifest.xml:20:13-74
84            android:exported="false"
84-->[:expo-file-system] AndroidManifest.xml:21:13-37
85            android:grantUriPermissions="true" >
85-->[:expo-file-system] AndroidManifest.xml:22:13-47
86            <meta-data
86-->[:expo-file-system] AndroidManifest.xml:24:13-26:70
87                android:name="android.support.FILE_PROVIDER_PATHS"
87-->[:expo-file-system] AndroidManifest.xml:25:17-67
88                android:resource="@xml/file_system_provider_paths" />
88-->[:expo-file-system] AndroidManifest.xml:26:17-67
89        </provider>
90
91        <service
91-->[:expo-location] AndroidManifest.xml:16:9-18:40
92            android:name="expo.modules.location.services.LocationTaskService"
92-->[:expo-location] AndroidManifest.xml:17:13-78
93            android:exported="false" /> <!-- Needs to be explicitly declared on P+ -->
93-->[:expo-location] AndroidManifest.xml:18:13-37
94        <uses-library
94-->[com.google.android.gms:play-services-maps:17.0.0] AndroidManifest.xml:33:9-35:40
95            android:name="org.apache.http.legacy"
95-->[com.google.android.gms:play-services-maps:17.0.0] AndroidManifest.xml:34:13-50
96            android:required="false" />
96-->[com.google.android.gms:play-services-maps:17.0.0] AndroidManifest.xml:35:13-37
97
98        <activity
98-->[com.google.android.gms:play-services-base:17.0.0] AndroidManifest.xml:23:9-26:75
99            android:name="com.google.android.gms.common.api.GoogleApiActivity"
99-->[com.google.android.gms:play-services-base:17.0.0] AndroidManifest.xml:24:13-79
100            android:exported="false"
100-->[com.google.android.gms:play-services-base:17.0.0] AndroidManifest.xml:25:13-37
101            android:theme="@android:style/Theme.Translucent.NoTitleBar" />
101-->[com.google.android.gms:play-services-base:17.0.0] AndroidManifest.xml:26:13-72
102
103        <meta-data
103-->[com.google.android.gms:play-services-basement:17.0.0] AndroidManifest.xml:23:9-25:69
104            android:name="com.google.android.gms.version"
104-->[com.google.android.gms:play-services-basement:17.0.0] AndroidManifest.xml:24:13-58
105            android:value="@integer/google_play_services_version" />
105-->[com.google.android.gms:play-services-basement:17.0.0] AndroidManifest.xml:25:13-66
106
107        <service
107-->[androidx.room:room-runtime:2.1.0] AndroidManifest.xml:25:9-27:40
108            android:name="androidx.room.MultiInstanceInvalidationService"
108-->[androidx.room:room-runtime:2.1.0] AndroidManifest.xml:26:13-74
109            android:exported="false" />
109-->[androidx.room:room-runtime:2.1.0] AndroidManifest.xml:27:13-37
110        <service
110-->[io.nlopez.smartlocation:library:3.2.11] AndroidManifest.xml:19:9-21:40
111            android:name="io.nlopez.smartlocation.activity.providers.ActivityGooglePlayServicesProvider$ActivityRecognitionService"
111-->[io.nlopez.smartlocation:library:3.2.11] AndroidManifest.xml:20:13-132
112            android:exported="false" />
112-->[io.nlopez.smartlocation:library:3.2.11] AndroidManifest.xml:21:13-37
113        <service
113-->[io.nlopez.smartlocation:library:3.2.11] AndroidManifest.xml:22:9-24:40
114            android:name="io.nlopez.smartlocation.geofencing.providers.GeofencingGooglePlayServicesProvider$GeofencingService"
114-->[io.nlopez.smartlocation:library:3.2.11] AndroidManifest.xml:23:13-127
115            android:exported="false" />
115-->[io.nlopez.smartlocation:library:3.2.11] AndroidManifest.xml:24:13-37
116        <service
116-->[io.nlopez.smartlocation:library:3.2.11] AndroidManifest.xml:25:9-27:40
117            android:name="io.nlopez.smartlocation.geocoding.providers.AndroidGeocodingProvider$AndroidGeocodingService"
117-->[io.nlopez.smartlocation:library:3.2.11] AndroidManifest.xml:26:13-120
118            android:exported="false" />
118-->[io.nlopez.smartlocation:library:3.2.11] AndroidManifest.xml:27:13-37
119    </application>
120
121</manifest>